2022-02-01 07:09:48,854:INFO:PyCaret Supervised Module
2022-02-01 07:09:48,855:INFO:ML Usecase: regression
2022-02-01 07:09:48,855:INFO:version 2.3.1
2022-02-01 07:09:48,856:INFO:Initializing setup()
2022-02-01 07:09:48,856:INFO:setup(target=expense, ml_usecase=regression, available_plots={'parameter': 'Hyperparameters', 'residuals': 'Residuals', 'error': 'Prediction Error', 'cooks': 'Cooks Distance', 'rfe': 'Feature Selection', 'learning': 'Learning Curve', 'manifold': 'Manifold Learning', 'vc': 'Validation Curve', 'feature': 'Feature Importance', 'feature_all': 'Feature Importance (All)', 'tree': 'Decision Tree', 'residuals_interactive': 'Interactive Residuals'}, train_size=0.7, test_data=None, preprocess=True, imputation_type=simple, iterative_imputation_iters=5, categorical_features=None, categorical_imputation=constant, categorical_iterative_imputer=lightgbm, ordinal_features=None, high_cardinality_features=None, high_cardinality_method=frequency, numeric_features=None, numeric_imputation=mean, numeric_iterative_imputer=lightgbm, date_features=None, ignore_features=None, normalize=False, normalize_method=zscore, transformation=False, transformation_method=yeo-johnson, handle_unknown_categorical=True, unknown_categorical_method=least_frequent, pca=False, pca_method=linear, pca_components=None, ignore_low_variance=False, combine_rare_levels=False, rare_level_threshold=0.1, bin_numeric_features=None, remove_outliers=False, outliers_threshold=0.05, remove_multicollinearity=False, multicollinearity_threshold=0.9, remove_perfect_collinearity=True, create_clusters=False, cluster_iter=20, polynomial_features=False, polynomial_degree=2, trigonometry_features=False, polynomial_threshold=0.1, group_features=None, group_names=None, feature_selection=False, feature_selection_threshold=0.8, feature_selection_method=classic, feature_interaction=False, feature_ratio=False, interaction_threshold=0.01, fix_imbalance=False, fix_imbalance_method=None, transform_target=False, transform_target_method=box-cox, data_split_shuffle=True, data_split_stratify=False, fold_strategy=kfold, fold=10, fold_shuffle=False, fold_groups=None, n_jobs=-1, use_gpu=False, custom_pipeline=None, html=True, session_id=None, log_experiment=False, experiment_name=None, log_plots=False, log_profile=False, log_data=False, silent=False, verbose=True, profile=False, profile_kwargs=None, display=None)
2022-02-01 07:09:48,856:INFO:Checking environment
2022-02-01 07:09:48,856:INFO:python_version: 3.7.6
2022-02-01 07:09:48,856:INFO:python_build: ('default', 'Jan  8 2020 20:23:39')
2022-02-01 07:09:48,856:INFO:machine: AMD64
2022-02-01 07:09:48,857:INFO:platform: Windows-10-10.0.19041-SP0
2022-02-01 07:09:48,857:INFO:Memory: svmem(total=8346107904, available=1286086656, percent=84.6, used=7060021248, free=1286086656)
2022-02-01 07:09:48,858:INFO:Physical Core: 4
2022-02-01 07:09:48,858:INFO:Logical Core: 8
2022-02-01 07:09:48,858:INFO:Checking libraries
2022-02-01 07:09:48,858:INFO:pd==1.2.4
2022-02-01 07:09:48,858:INFO:numpy==1.18.1
2022-02-01 07:09:48,858:INFO:sklearn==0.23.2
2022-02-01 07:09:48,858:INFO:lightgbm==2.3.1
2022-02-01 07:09:48,859:WARNING:catboost not found
2022-02-01 07:09:49,639:INFO:xgboost==1.1.1
2022-02-01 07:09:50,541:INFO:mlflow==1.18.0
2022-02-01 07:09:50,541:INFO:Checking Exceptions
2022-02-01 07:09:50,542:INFO:Declaring global variables
2022-02-01 07:09:50,542:INFO:USI: de37
2022-02-01 07:09:50,542:INFO:pycaret_globals: {'seed', 'target_param', 'X_train', 'y_train', 'X', 'master_model_container', 'X_test', 'fold_shuffle_param', 'fold_groups_param', 'fold_param', '_all_metrics', '_all_models_internal', '_ml_usecase', '_all_models', 'n_jobs_param', 'data_before_preprocess', 'fix_imbalance_method_param', 'USI', 'log_plots_param', 'logging_param', 'experiment__', 'exp_name_log', 'pycaret_globals', 'stratify_param', 'transform_target_param', 'gpu_param', 'y_test', 'imputation_classifier', 'html_param', 'prep_pipe', '_gpu_n_jobs_param', 'fold_generator', 'imputation_regressor', 'transform_target_method_param', 'display_container', 'create_model_container', 'iterative_imputation_iters_param', 'fold_groups_param_full', 'fix_imbalance_param', '_available_plots', '_internal_pipeline', 'y'}
2022-02-01 07:09:50,542:INFO:Preparing display monitor
2022-02-01 07:09:50,542:INFO:Preparing display monitor
2022-02-01 07:09:50,570:INFO:Importing libraries
2022-02-01 07:09:50,571:INFO:Copying data for preprocessing
2022-02-01 07:09:50,592:INFO:Declaring preprocessing parameters
2022-02-01 07:09:50,593:INFO:Creating preprocessing pipeline
2022-02-01 07:09:50,611:INFO:Preprocessing pipeline created successfully
2022-02-01 07:09:50,611:ERROR:(Process Exit): setup has been interupted with user command 'quit'. setup must rerun.
2022-02-01 07:09:50,613:INFO:Creating global containers
2022-02-01 07:09:50,706:INFO:Internal pipeline: Pipeline(memory=None, steps=[('empty_step', 'passthrough')], verbose=False)
2022-02-01 07:09:56,912:WARNING:Couldn't import catboost.CatBoostRegressor
2022-02-01 07:09:57,041:WARNING:Couldn't import catboost.CatBoostRegressor
2022-02-01 07:09:57,041:INFO:Creating grid variables
2022-02-01 07:09:57,060:INFO:create_model_container: 0
2022-02-01 07:09:57,060:INFO:master_model_container: 0
2022-02-01 07:09:57,060:INFO:display_container: 1
2022-02-01 07:09:57,066:INFO:Pipeline(memory=None,
         steps=[('dtypes',
                 DataTypes_Auto_infer(categorical_features=[],
                                      display_types=True, features_todrop=[],
                                      id_columns=[], ml_usecase='regression',
                                      numerical_features=[], target='expense',
                                      time_features=[])),
                ('imputer',
                 Simple_Imputer(categorical_strategy='not_available',
                                fill_value_categorical=None,
                                fill_value_numerical=None,
                                numeric_strategy...
                ('scaling', 'passthrough'), ('P_transform', 'passthrough'),
                ('binn', 'passthrough'), ('rem_outliers', 'passthrough'),
                ('cluster_all', 'passthrough'),
                ('dummy', Dummify(target='expense')),
                ('fix_perfect', Remove_100(target='expense')),
                ('clean_names', Clean_Colum_Names()),
                ('feature_select', 'passthrough'), ('fix_multi', 'passthrough'),
                ('dfs', 'passthrough'), ('pca', 'passthrough')],
         verbose=False)
2022-02-01 07:09:57,066:INFO:setup() succesfully completed......................................
2022-02-01 07:10:32,885:INFO:PyCaret Supervised Module
2022-02-01 07:10:32,886:INFO:ML Usecase: regression
2022-02-01 07:10:32,886:INFO:version 2.3.1
2022-02-01 07:10:32,886:INFO:Initializing setup()
2022-02-01 07:10:32,886:INFO:setup(target=expense, ml_usecase=regression, available_plots={'parameter': 'Hyperparameters', 'residuals': 'Residuals', 'error': 'Prediction Error', 'cooks': 'Cooks Distance', 'rfe': 'Feature Selection', 'learning': 'Learning Curve', 'manifold': 'Manifold Learning', 'vc': 'Validation Curve', 'feature': 'Feature Importance', 'feature_all': 'Feature Importance (All)', 'tree': 'Decision Tree', 'residuals_interactive': 'Interactive Residuals'}, train_size=0.7, test_data=None, preprocess=True, imputation_type=simple, iterative_imputation_iters=5, categorical_features=None, categorical_imputation=constant, categorical_iterative_imputer=lightgbm, ordinal_features=None, high_cardinality_features=None, high_cardinality_method=frequency, numeric_features=None, numeric_imputation=mean, numeric_iterative_imputer=lightgbm, date_features=None, ignore_features=None, normalize=False, normalize_method=zscore, transformation=False, transformation_method=yeo-johnson, handle_unknown_categorical=True, unknown_categorical_method=least_frequent, pca=False, pca_method=linear, pca_components=None, ignore_low_variance=False, combine_rare_levels=False, rare_level_threshold=0.1, bin_numeric_features=None, remove_outliers=False, outliers_threshold=0.05, remove_multicollinearity=False, multicollinearity_threshold=0.9, remove_perfect_collinearity=True, create_clusters=False, cluster_iter=20, polynomial_features=False, polynomial_degree=2, trigonometry_features=False, polynomial_threshold=0.1, group_features=None, group_names=None, feature_selection=False, feature_selection_threshold=0.8, feature_selection_method=classic, feature_interaction=False, feature_ratio=False, interaction_threshold=0.01, fix_imbalance=False, fix_imbalance_method=None, transform_target=False, transform_target_method=box-cox, data_split_shuffle=True, data_split_stratify=False, fold_strategy=kfold, fold=10, fold_shuffle=False, fold_groups=None, n_jobs=-1, use_gpu=False, custom_pipeline=None, html=True, session_id=None, log_experiment=False, experiment_name=None, log_plots=False, log_profile=False, log_data=False, silent=False, verbose=True, profile=False, profile_kwargs=None, display=None)
2022-02-01 07:10:32,887:INFO:Checking environment
2022-02-01 07:10:32,888:INFO:python_version: 3.7.6
2022-02-01 07:10:32,888:INFO:python_build: ('default', 'Jan  8 2020 20:23:39')
2022-02-01 07:10:32,888:INFO:machine: AMD64
2022-02-01 07:10:32,888:INFO:platform: Windows-10-10.0.19041-SP0
2022-02-01 07:10:32,889:INFO:Memory: svmem(total=8346107904, available=1302831104, percent=84.4, used=7043276800, free=1302831104)
2022-02-01 07:10:32,889:INFO:Physical Core: 4
2022-02-01 07:10:32,890:INFO:Logical Core: 8
2022-02-01 07:10:32,890:INFO:Checking libraries
2022-02-01 07:10:32,890:INFO:pd==1.2.4
2022-02-01 07:10:32,890:INFO:numpy==1.18.1
2022-02-01 07:10:32,891:INFO:sklearn==0.23.2
2022-02-01 07:10:32,891:INFO:lightgbm==2.3.1
2022-02-01 07:10:32,894:WARNING:catboost not found
2022-02-01 07:10:32,894:INFO:xgboost==1.1.1
2022-02-01 07:10:32,894:INFO:mlflow==1.18.0
2022-02-01 07:10:32,894:INFO:Checking Exceptions
2022-02-01 07:10:32,895:INFO:Declaring global variables
2022-02-01 07:10:32,895:INFO:USI: 4437
2022-02-01 07:10:32,895:INFO:pycaret_globals: {'seed', 'target_param', 'X_train', 'y_train', 'X', 'master_model_container', 'X_test', 'fold_shuffle_param', 'fold_groups_param', 'fold_param', '_all_metrics', '_all_models_internal', '_ml_usecase', '_all_models', 'n_jobs_param', 'data_before_preprocess', 'fix_imbalance_method_param', 'USI', 'log_plots_param', 'logging_param', 'experiment__', 'exp_name_log', 'pycaret_globals', 'stratify_param', 'transform_target_param', 'gpu_param', 'y_test', 'imputation_classifier', 'html_param', 'prep_pipe', '_gpu_n_jobs_param', 'fold_generator', 'imputation_regressor', 'transform_target_method_param', 'display_container', 'create_model_container', 'iterative_imputation_iters_param', 'fold_groups_param_full', 'fix_imbalance_param', '_available_plots', '_internal_pipeline', 'y'}
2022-02-01 07:10:32,895:INFO:Preparing display monitor
2022-02-01 07:10:32,895:INFO:Preparing display monitor
2022-02-01 07:10:32,914:INFO:Importing libraries
2022-02-01 07:10:32,914:INFO:Copying data for preprocessing
2022-02-01 07:10:32,929:INFO:Declaring preprocessing parameters
2022-02-01 07:10:32,931:INFO:Creating preprocessing pipeline
2022-02-01 07:10:32,941:INFO:Preprocessing pipeline created successfully
2022-02-01 07:10:32,942:ERROR:(Process Exit): setup has been interupted with user command 'quit'. setup must rerun.
2022-02-01 07:10:32,942:INFO:Creating global containers
2022-02-01 07:10:32,942:INFO:Internal pipeline: Pipeline(memory=None, steps=[('empty_step', 'passthrough')], verbose=False)
2022-02-01 07:10:34,592:WARNING:Couldn't import catboost.CatBoostRegressor
2022-02-01 07:10:34,710:WARNING:Couldn't import catboost.CatBoostRegressor
2022-02-01 07:10:34,710:INFO:Creating grid variables
2022-02-01 07:10:34,726:INFO:create_model_container: 0
2022-02-01 07:10:34,726:INFO:master_model_container: 0
2022-02-01 07:10:34,726:INFO:display_container: 1
2022-02-01 07:10:34,731:INFO:Pipeline(memory=None,
         steps=[('dtypes',
                 DataTypes_Auto_infer(categorical_features=[],
                                      display_types=True, features_todrop=[],
                                      id_columns=[], ml_usecase='regression',
                                      numerical_features=[], target='expense',
                                      time_features=[])),
                ('imputer',
                 Simple_Imputer(categorical_strategy='not_available',
                                fill_value_categorical=None,
                                fill_value_numerical=None,
                                numeric_strategy...
                ('scaling', 'passthrough'), ('P_transform', 'passthrough'),
                ('binn', 'passthrough'), ('rem_outliers', 'passthrough'),
                ('cluster_all', 'passthrough'),
                ('dummy', Dummify(target='expense')),
                ('fix_perfect', Remove_100(target='expense')),
                ('clean_names', Clean_Colum_Names()),
                ('feature_select', 'passthrough'), ('fix_multi', 'passthrough'),
                ('dfs', 'passthrough'), ('pca', 'passthrough')],
         verbose=False)
2022-02-01 07:10:34,731:INFO:setup() succesfully completed......................................
2022-02-01 07:12:09,274:INFO:Initializing compare_models()
2022-02-01 07:12:09,274:INFO:compare_models(include=None, fold=None, round=4, cross_validation=True, sort=R2, n_select=1, budget_time=None, turbo=True, errors=ignore, fit_kwargs=None, groups=None, verbose=True, display=None, exclude=None)
2022-02-01 07:12:09,275:INFO:Checking exceptions
2022-02-01 07:12:09,275:INFO:Preparing display monitor
2022-02-01 07:12:09,275:INFO:Preparing display monitor
2022-02-01 07:12:09,314:INFO:Initializing Linear Regression
2022-02-01 07:12:09,315:INFO:Total runtime is 1.660585403442383e-05 minutes
2022-02-01 07:12:09,332:INFO:SubProcess create_model() called ==================================
2022-02-01 07:12:09,333:INFO:Initializing create_model()
2022-02-01 07:12:09,333:INFO:create_model(estimator=lr, fold=KFold(n_splits=10, random_state=None, shuffle=False), round=4, cross_validation=True, predict=True, fit_kwargs={}, groups=None, refit=False, verbose=False, system=False, metrics=None, display=<pycaret.internal.Display.Display object at 0x000001639FEC2088>, kwargs={})
2022-02-01 07:12:09,333:INFO:Checking exceptions
2022-02-01 07:12:09,333:INFO:Importing libraries
2022-02-01 07:12:09,333:INFO:Copying training dataset
2022-02-01 07:12:09,334:INFO:Defining folds
2022-02-01 07:12:09,334:INFO:Declaring metric variables
2022-02-01 07:12:09,348:INFO:Importing untrained model
2022-02-01 07:12:09,359:INFO:Linear Regression Imported succesfully
2022-02-01 07:12:09,381:INFO:Starting cross validation
2022-02-01 07:12:09,392:INFO:Cross validating with KFold(n_splits=10, random_state=None, shuffle=False), n_jobs=-1
2022-02-01 07:12:17,196:INFO:Calculating mean and std
2022-02-01 07:12:17,198:INFO:Creating metrics dataframe
2022-02-01 07:12:17,202:INFO:Uploading results into container
2022-02-01 07:12:17,203:INFO:Uploading model into container now
2022-02-01 07:12:17,203:INFO:create_model_container: 1
2022-02-01 07:12:17,203:INFO:master_model_container: 1
2022-02-01 07:12:17,203:INFO:display_container: 2
2022-02-01 07:12:17,203:INFO:LinearRegression(copy_X=True, fit_intercept=True, n_jobs=-1, normalize=False)
2022-02-01 07:12:17,203:INFO:create_model() succesfully completed......................................
2022-02-01 07:12:17,272:INFO:SubProcess create_model() end ==================================
2022-02-01 07:12:17,272:INFO:Creating metrics dataframe
2022-02-01 07:12:17,286:INFO:Initializing Lasso Regression
2022-02-01 07:12:17,286:INFO:Total runtime is 0.13286910851796468 minutes
2022-02-01 07:12:17,293:INFO:SubProcess create_model() called ==================================
2022-02-01 07:12:17,294:INFO:Initializing create_model()
2022-02-01 07:12:17,294:INFO:create_model(estimator=lasso, fold=KFold(n_splits=10, random_state=None, shuffle=False), round=4, cross_validation=True, predict=True, fit_kwargs={}, groups=None, refit=False, verbose=False, system=False, metrics=None, display=<pycaret.internal.Display.Display object at 0x000001639FEC2088>, kwargs={})
2022-02-01 07:12:17,295:INFO:Checking exceptions
2022-02-01 07:12:17,295:INFO:Importing libraries
2022-02-01 07:12:17,296:INFO:Copying training dataset
2022-02-01 07:12:17,297:INFO:Defining folds
2022-02-01 07:12:17,297:INFO:Declaring metric variables
2022-02-01 07:12:17,306:INFO:Importing untrained model
2022-02-01 07:12:17,317:INFO:Lasso Regression Imported succesfully
2022-02-01 07:12:17,383:INFO:Starting cross validation
2022-02-01 07:12:17,384:INFO:Cross validating with KFold(n_splits=10, random_state=None, shuffle=False), n_jobs=-1
2022-02-01 07:12:17,488:INFO:Calculating mean and std
2022-02-01 07:12:17,489:INFO:Creating metrics dataframe
2022-02-01 07:12:17,493:INFO:Uploading results into container
2022-02-01 07:12:17,493:INFO:Uploading model into container now
2022-02-01 07:12:17,493:INFO:create_model_container: 2
2022-02-01 07:12:17,493:INFO:master_model_container: 2
2022-02-01 07:12:17,493:INFO:display_container: 2
2022-02-01 07:12:17,493:INFO:Lasso(alpha=1.0, copy_X=True, fit_intercept=True, max_iter=1000,
      normalize=False, positive=False, precompute=False, random_state=8231,
      selection='cyclic', tol=0.0001, warm_start=False)
2022-02-01 07:12:17,493:INFO:create_model() succesfully completed......................................
2022-02-01 07:12:17,553:INFO:SubProcess create_model() end ==================================
2022-02-01 07:12:17,553:INFO:Creating metrics dataframe
2022-02-01 07:12:17,568:INFO:Initializing Ridge Regression
2022-02-01 07:12:17,568:INFO:Total runtime is 0.13755577405293784 minutes
2022-02-01 07:12:17,578:INFO:SubProcess create_model() called ==================================
2022-02-01 07:12:17,579:INFO:Initializing create_model()
2022-02-01 07:12:17,579:INFO:create_model(estimator=ridge, fold=KFold(n_splits=10, random_state=None, shuffle=False), round=4, cross_validation=True, predict=True, fit_kwargs={}, groups=None, refit=False, verbose=False, system=False, metrics=None, display=<pycaret.internal.Display.Display object at 0x000001639FEC2088>, kwargs={})
2022-02-01 07:12:17,580:INFO:Checking exceptions
2022-02-01 07:12:17,580:INFO:Importing libraries
2022-02-01 07:12:17,580:INFO:Copying training dataset
2022-02-01 07:12:17,581:INFO:Defining folds
2022-02-01 07:12:17,582:INFO:Declaring metric variables
2022-02-01 07:12:17,593:INFO:Importing untrained model
2022-02-01 07:12:17,607:INFO:Ridge Regression Imported succesfully
2022-02-01 07:12:17,633:INFO:Starting cross validation
2022-02-01 07:12:17,634:INFO:Cross validating with KFold(n_splits=10, random_state=None, shuffle=False), n_jobs=-1
2022-02-01 07:12:17,721:INFO:Calculating mean and std
2022-02-01 07:12:17,722:INFO:Creating metrics dataframe
2022-02-01 07:12:17,726:INFO:Uploading results into container
2022-02-01 07:12:17,726:INFO:Uploading model into container now
2022-02-01 07:12:17,726:INFO:create_model_container: 3
2022-02-01 07:12:17,726:INFO:master_model_container: 3
2022-02-01 07:12:17,727:INFO:display_container: 2
2022-02-01 07:12:17,727:INFO:Ridge(alpha=1.0, copy_X=True, fit_intercept=True, max_iter=None,
      normalize=False, random_state=8231, solver='auto', tol=0.001)
2022-02-01 07:12:17,727:INFO:create_model() succesfully completed......................................
2022-02-01 07:12:17,788:INFO:SubProcess create_model() end ==================================
2022-02-01 07:12:17,788:INFO:Creating metrics dataframe
2022-02-01 07:12:17,804:INFO:Initializing Elastic Net
2022-02-01 07:12:17,804:INFO:Total runtime is 0.14149426221847536 minutes
2022-02-01 07:12:17,814:INFO:SubProcess create_model() called ==================================
2022-02-01 07:12:17,814:INFO:Initializing create_model()
2022-02-01 07:12:17,814:INFO:create_model(estimator=en, fold=KFold(n_splits=10, random_state=None, shuffle=False), round=4, cross_validation=True, predict=True, fit_kwargs={}, groups=None, refit=False, verbose=False, system=False, metrics=None, display=<pycaret.internal.Display.Display object at 0x000001639FEC2088>, kwargs={})
2022-02-01 07:12:17,815:INFO:Checking exceptions
2022-02-01 07:12:17,815:INFO:Importing libraries
2022-02-01 07:12:17,815:INFO:Copying training dataset
2022-02-01 07:12:17,816:INFO:Defining folds
2022-02-01 07:12:17,816:INFO:Declaring metric variables
2022-02-01 07:12:17,824:INFO:Importing untrained model
2022-02-01 07:12:17,835:INFO:Elastic Net Imported succesfully
2022-02-01 07:12:17,859:INFO:Starting cross validation
2022-02-01 07:12:17,861:INFO:Cross validating with KFold(n_splits=10, random_state=None, shuffle=False), n_jobs=-1
2022-02-01 07:12:17,954:INFO:Calculating mean and std
2022-02-01 07:12:17,955:INFO:Creating metrics dataframe
2022-02-01 07:12:17,959:INFO:Uploading results into container
2022-02-01 07:12:17,959:INFO:Uploading model into container now
2022-02-01 07:12:17,959:INFO:create_model_container: 4
2022-02-01 07:12:17,960:INFO:master_model_container: 4
2022-02-01 07:12:17,960:INFO:display_container: 2
2022-02-01 07:12:17,961:INFO:ElasticNet(alpha=1.0, copy_X=True, fit_intercept=True, l1_ratio=0.5,
           max_iter=1000, normalize=False, positive=False, precompute=False,
           random_state=8231, selection='cyclic', tol=0.0001, warm_start=False)
2022-02-01 07:12:17,961:INFO:create_model() succesfully completed......................................
2022-02-01 07:12:18,022:INFO:SubProcess create_model() end ==================================
2022-02-01 07:12:18,022:INFO:Creating metrics dataframe
2022-02-01 07:12:18,038:INFO:Initializing Least Angle Regression
2022-02-01 07:12:18,038:INFO:Total runtime is 0.14539674123128257 minutes
2022-02-01 07:12:18,048:INFO:SubProcess create_model() called ==================================
2022-02-01 07:12:18,049:INFO:Initializing create_model()
2022-02-01 07:12:18,049:INFO:create_model(estimator=lar, fold=KFold(n_splits=10, random_state=None, shuffle=False), round=4, cross_validation=True, predict=True, fit_kwargs={}, groups=None, refit=False, verbose=False, system=False, metrics=None, display=<pycaret.internal.Display.Display object at 0x000001639FEC2088>, kwargs={})
2022-02-01 07:12:18,049:INFO:Checking exceptions
2022-02-01 07:12:18,049:INFO:Importing libraries
2022-02-01 07:12:18,049:INFO:Copying training dataset
2022-02-01 07:12:18,051:INFO:Defining folds
2022-02-01 07:12:18,051:INFO:Declaring metric variables
2022-02-01 07:12:18,059:INFO:Importing untrained model
2022-02-01 07:12:18,070:INFO:Least Angle Regression Imported succesfully
2022-02-01 07:12:18,096:INFO:Starting cross validation
2022-02-01 07:12:18,096:INFO:Cross validating with KFold(n_splits=10, random_state=None, shuffle=False), n_jobs=-1
2022-02-01 07:12:18,194:INFO:Calculating mean and std
2022-02-01 07:12:18,196:INFO:Creating metrics dataframe
2022-02-01 07:12:18,200:INFO:Uploading results into container
2022-02-01 07:12:18,200:INFO:Uploading model into container now
2022-02-01 07:12:18,200:INFO:create_model_container: 5
2022-02-01 07:12:18,200:INFO:master_model_container: 5
2022-02-01 07:12:18,200:INFO:display_container: 2
2022-02-01 07:12:18,201:INFO:Lars(copy_X=True, eps=2.220446049250313e-16, fit_intercept=True, fit_path=True,
     jitter=None, n_nonzero_coefs=500, normalize=True, precompute='auto',
     random_state=8231, verbose=False)
2022-02-01 07:12:18,201:INFO:create_model() succesfully completed......................................
2022-02-01 07:12:18,259:INFO:SubProcess create_model() end ==================================
2022-02-01 07:12:18,259:INFO:Creating metrics dataframe
2022-02-01 07:12:18,275:INFO:Initializing Lasso Least Angle Regression
2022-02-01 07:12:18,275:INFO:Total runtime is 0.14934845368067426 minutes
2022-02-01 07:12:18,285:INFO:SubProcess create_model() called ==================================
2022-02-01 07:12:18,285:INFO:Initializing create_model()
2022-02-01 07:12:18,285:INFO:create_model(estimator=llar, fold=KFold(n_splits=10, random_state=None, shuffle=False), round=4, cross_validation=True, predict=True, fit_kwargs={}, groups=None, refit=False, verbose=False, system=False, metrics=None, display=<pycaret.internal.Display.Display object at 0x000001639FEC2088>, kwargs={})
2022-02-01 07:12:18,285:INFO:Checking exceptions
2022-02-01 07:12:18,285:INFO:Importing libraries
2022-02-01 07:12:18,285:INFO:Copying training dataset
2022-02-01 07:12:18,286:INFO:Defining folds
2022-02-01 07:12:18,287:INFO:Declaring metric variables
2022-02-01 07:12:18,296:INFO:Importing untrained model
2022-02-01 07:12:18,304:INFO:Lasso Least Angle Regression Imported succesfully
2022-02-01 07:12:18,329:INFO:Starting cross validation
2022-02-01 07:12:18,331:INFO:Cross validating with KFold(n_splits=10, random_state=None, shuffle=False), n_jobs=-1
2022-02-01 07:12:18,434:INFO:Calculating mean and std
2022-02-01 07:12:18,434:INFO:Creating metrics dataframe
2022-02-01 07:12:18,438:INFO:Uploading results into container
2022-02-01 07:12:18,438:INFO:Uploading model into container now
2022-02-01 07:12:18,438:INFO:create_model_container: 6
2022-02-01 07:12:18,438:INFO:master_model_container: 6
2022-02-01 07:12:18,438:INFO:display_container: 2
2022-02-01 07:12:18,439:INFO:LassoLars(alpha=1.0, copy_X=True, eps=2.220446049250313e-16, fit_intercept=True,
          fit_path=True, jitter=None, max_iter=500, normalize=True,
          positive=False, precompute='auto', random_state=8231, verbose=False)
2022-02-01 07:12:18,439:INFO:create_model() succesfully completed......................................
2022-02-01 07:12:18,496:INFO:SubProcess create_model() end ==================================
2022-02-01 07:12:18,496:INFO:Creating metrics dataframe
2022-02-01 07:12:18,513:INFO:Initializing Orthogonal Matching Pursuit
2022-02-01 07:12:18,514:INFO:Total runtime is 0.15330701669057212 minutes
2022-02-01 07:12:18,523:INFO:SubProcess create_model() called ==================================
2022-02-01 07:12:18,523:INFO:Initializing create_model()
2022-02-01 07:12:18,523:INFO:create_model(estimator=omp, fold=KFold(n_splits=10, random_state=None, shuffle=False), round=4, cross_validation=True, predict=True, fit_kwargs={}, groups=None, refit=False, verbose=False, system=False, metrics=None, display=<pycaret.internal.Display.Display object at 0x000001639FEC2088>, kwargs={})
2022-02-01 07:12:18,524:INFO:Checking exceptions
2022-02-01 07:12:18,524:INFO:Importing libraries
2022-02-01 07:12:18,524:INFO:Copying training dataset
2022-02-01 07:12:18,525:INFO:Defining folds
2022-02-01 07:12:18,525:INFO:Declaring metric variables
2022-02-01 07:12:18,536:INFO:Importing untrained model
2022-02-01 07:12:18,549:INFO:Orthogonal Matching Pursuit Imported succesfully
2022-02-01 07:12:18,575:INFO:Starting cross validation
2022-02-01 07:12:18,576:INFO:Cross validating with KFold(n_splits=10, random_state=None, shuffle=False), n_jobs=-1
2022-02-01 07:12:18,675:INFO:Calculating mean and std
2022-02-01 07:12:18,677:INFO:Creating metrics dataframe
2022-02-01 07:12:18,682:INFO:Uploading results into container
2022-02-01 07:12:18,682:INFO:Uploading model into container now
2022-02-01 07:12:18,682:INFO:create_model_container: 7
2022-02-01 07:12:18,683:INFO:master_model_container: 7
2022-02-01 07:12:18,683:INFO:display_container: 2
2022-02-01 07:12:18,683:INFO:OrthogonalMatchingPursuit(fit_intercept=True, n_nonzero_coefs=None,
                          normalize=True, precompute='auto', tol=None)
2022-02-01 07:12:18,683:INFO:create_model() succesfully completed......................................
2022-02-01 07:12:18,742:INFO:SubProcess create_model() end ==================================
2022-02-01 07:12:18,742:INFO:Creating metrics dataframe
2022-02-01 07:12:18,760:INFO:Initializing Bayesian Ridge
2022-02-01 07:12:18,760:INFO:Total runtime is 0.15743243296941123 minutes
2022-02-01 07:12:18,770:INFO:SubProcess create_model() called ==================================
2022-02-01 07:12:18,771:INFO:Initializing create_model()
2022-02-01 07:12:18,771:INFO:create_model(estimator=br, fold=KFold(n_splits=10, random_state=None, shuffle=False), round=4, cross_validation=True, predict=True, fit_kwargs={}, groups=None, refit=False, verbose=False, system=False, metrics=None, display=<pycaret.internal.Display.Display object at 0x000001639FEC2088>, kwargs={})
2022-02-01 07:12:18,771:INFO:Checking exceptions
2022-02-01 07:12:18,771:INFO:Importing libraries
2022-02-01 07:12:18,771:INFO:Copying training dataset
2022-02-01 07:12:18,772:INFO:Defining folds
2022-02-01 07:12:18,772:INFO:Declaring metric variables
2022-02-01 07:12:18,785:INFO:Importing untrained model
2022-02-01 07:12:18,796:INFO:Bayesian Ridge Imported succesfully
2022-02-01 07:12:18,825:INFO:Starting cross validation
2022-02-01 07:12:18,826:INFO:Cross validating with KFold(n_splits=10, random_state=None, shuffle=False), n_jobs=-1
2022-02-01 07:12:18,941:INFO:Calculating mean and std
2022-02-01 07:12:18,942:INFO:Creating metrics dataframe
2022-02-01 07:12:18,955:INFO:Uploading results into container
2022-02-01 07:12:18,955:INFO:Uploading model into container now
2022-02-01 07:12:18,955:INFO:create_model_container: 8
2022-02-01 07:12:18,956:INFO:master_model_container: 8
2022-02-01 07:12:18,956:INFO:display_container: 2
2022-02-01 07:12:18,956:INFO:BayesianRidge(alpha_1=1e-06, alpha_2=1e-06, alpha_init=None,
              compute_score=False, copy_X=True, fit_intercept=True,
              lambda_1=1e-06, lambda_2=1e-06, lambda_init=None, n_iter=300,
              normalize=False, tol=0.001, verbose=False)
2022-02-01 07:12:18,956:INFO:create_model() succesfully completed......................................
2022-02-01 07:12:19,067:INFO:SubProcess create_model() end ==================================
2022-02-01 07:12:19,068:INFO:Creating metrics dataframe
2022-02-01 07:12:19,093:INFO:Initializing Passive Aggressive Regressor
2022-02-01 07:12:19,093:INFO:Total runtime is 0.1629782319068909 minutes
2022-02-01 07:12:19,108:INFO:SubProcess create_model() called ==================================
2022-02-01 07:12:19,108:INFO:Initializing create_model()
2022-02-01 07:12:19,108:INFO:create_model(estimator=par, fold=KFold(n_splits=10, random_state=None, shuffle=False), round=4, cross_validation=True, predict=True, fit_kwargs={}, groups=None, refit=False, verbose=False, system=False, metrics=None, display=<pycaret.internal.Display.Display object at 0x000001639FEC2088>, kwargs={})
2022-02-01 07:12:19,108:INFO:Checking exceptions
2022-02-01 07:12:19,108:INFO:Importing libraries
2022-02-01 07:12:19,109:INFO:Copying training dataset
2022-02-01 07:12:19,110:INFO:Defining folds
2022-02-01 07:12:19,110:INFO:Declaring metric variables
2022-02-01 07:12:19,124:INFO:Importing untrained model
2022-02-01 07:12:19,136:INFO:Passive Aggressive Regressor Imported succesfully
2022-02-01 07:12:19,165:INFO:Starting cross validation
2022-02-01 07:12:19,166:INFO:Cross validating with KFold(n_splits=10, random_state=None, shuffle=False), n_jobs=-1
2022-02-01 07:12:19,286:INFO:Calculating mean and std
2022-02-01 07:12:19,287:INFO:Creating metrics dataframe
2022-02-01 07:12:19,291:INFO:Uploading results into container
2022-02-01 07:12:19,291:INFO:Uploading model into container now
2022-02-01 07:12:19,291:INFO:create_model_container: 9
2022-02-01 07:12:19,291:INFO:master_model_container: 9
2022-02-01 07:12:19,291:INFO:display_container: 2
2022-02-01 07:12:19,292:INFO:PassiveAggressiveRegressor(C=1.0, average=False, early_stopping=False,
                           epsilon=0.1, fit_intercept=True,
                           loss='epsilon_insensitive', max_iter=1000,
                           n_iter_no_change=5, random_state=8231, shuffle=True,
                           tol=0.001, validation_fraction=0.1, verbose=0,
                           warm_start=False)
2022-02-01 07:12:19,292:INFO:create_model() succesfully completed......................................
2022-02-01 07:12:19,352:INFO:SubProcess create_model() end ==================================
2022-02-01 07:12:19,352:INFO:Creating metrics dataframe
2022-02-01 07:12:19,371:INFO:Initializing Huber Regressor
2022-02-01 07:12:19,371:INFO:Total runtime is 0.16761507987976076 minutes
2022-02-01 07:12:19,382:INFO:SubProcess create_model() called ==================================
2022-02-01 07:12:19,383:INFO:Initializing create_model()
2022-02-01 07:12:19,383:INFO:create_model(estimator=huber, fold=KFold(n_splits=10, random_state=None, shuffle=False), round=4, cross_validation=True, predict=True, fit_kwargs={}, groups=None, refit=False, verbose=False, system=False, metrics=None, display=<pycaret.internal.Display.Display object at 0x000001639FEC2088>, kwargs={})
2022-02-01 07:12:19,383:INFO:Checking exceptions
2022-02-01 07:12:19,383:INFO:Importing libraries
2022-02-01 07:12:19,383:INFO:Copying training dataset
2022-02-01 07:12:19,384:INFO:Defining folds
2022-02-01 07:12:19,384:INFO:Declaring metric variables
2022-02-01 07:12:19,393:INFO:Importing untrained model
2022-02-01 07:12:19,403:INFO:Huber Regressor Imported succesfully
2022-02-01 07:12:19,434:INFO:Starting cross validation
2022-02-01 07:12:19,435:INFO:Cross validating with KFold(n_splits=10, random_state=None, shuffle=False), n_jobs=-1
2022-02-01 07:12:19,661:INFO:Calculating mean and std
2022-02-01 07:12:19,662:INFO:Creating metrics dataframe
2022-02-01 07:12:19,666:INFO:Uploading results into container
2022-02-01 07:12:19,666:INFO:Uploading model into container now
2022-02-01 07:12:19,666:INFO:create_model_container: 10
2022-02-01 07:12:19,666:INFO:master_model_container: 10
2022-02-01 07:12:19,667:INFO:display_container: 2
2022-02-01 07:12:19,667:INFO:HuberRegressor(alpha=0.0001, epsilon=1.35, fit_intercept=True, max_iter=100,
               tol=1e-05, warm_start=False)
2022-02-01 07:12:19,667:INFO:create_model() succesfully completed......................................
2022-02-01 07:12:19,759:INFO:SubProcess create_model() end ==================================
2022-02-01 07:12:19,759:INFO:Creating metrics dataframe
2022-02-01 07:12:19,786:INFO:Initializing K Neighbors Regressor
2022-02-01 07:12:19,787:INFO:Total runtime is 0.174541449546814 minutes
2022-02-01 07:12:19,797:INFO:SubProcess create_model() called ==================================
2022-02-01 07:12:19,798:INFO:Initializing create_model()
2022-02-01 07:12:19,799:INFO:create_model(estimator=knn, fold=KFold(n_splits=10, random_state=None, shuffle=False), round=4, cross_validation=True, predict=True, fit_kwargs={}, groups=None, refit=False, verbose=False, system=False, metrics=None, display=<pycaret.internal.Display.Display object at 0x000001639FEC2088>, kwargs={})
2022-02-01 07:12:19,800:INFO:Checking exceptions
2022-02-01 07:12:19,800:INFO:Importing libraries
2022-02-01 07:12:19,800:INFO:Copying training dataset
2022-02-01 07:12:19,801:INFO:Defining folds
2022-02-01 07:12:19,801:INFO:Declaring metric variables
2022-02-01 07:12:19,814:INFO:Importing untrained model
2022-02-01 07:12:19,825:INFO:K Neighbors Regressor Imported succesfully
2022-02-01 07:12:19,852:INFO:Starting cross validation
2022-02-01 07:12:19,853:INFO:Cross validating with KFold(n_splits=10, random_state=None, shuffle=False), n_jobs=-1
2022-02-01 07:12:20,168:INFO:Calculating mean and std
2022-02-01 07:12:20,169:INFO:Creating metrics dataframe
2022-02-01 07:12:20,174:INFO:Uploading results into container
2022-02-01 07:12:20,174:INFO:Uploading model into container now
2022-02-01 07:12:20,174:INFO:create_model_container: 11
2022-02-01 07:12:20,175:INFO:master_model_container: 11
2022-02-01 07:12:20,175:INFO:display_container: 2
2022-02-01 07:12:20,175:INFO:KNeighborsRegressor(algorithm='auto', leaf_size=30, metric='minkowski',
                    metric_params=None, n_jobs=-1, n_neighbors=5, p=2,
                    weights='uniform')
2022-02-01 07:12:20,175:INFO:create_model() succesfully completed......................................
2022-02-01 07:12:20,244:INFO:SubProcess create_model() end ==================================
2022-02-01 07:12:20,245:INFO:Creating metrics dataframe
2022-02-01 07:12:20,267:INFO:Initializing Decision Tree Regressor
2022-02-01 07:12:20,267:INFO:Total runtime is 0.18254696925481165 minutes
2022-02-01 07:12:20,277:INFO:SubProcess create_model() called ==================================
2022-02-01 07:12:20,277:INFO:Initializing create_model()
2022-02-01 07:12:20,278:INFO:create_model(estimator=dt, fold=KFold(n_splits=10, random_state=None, shuffle=False), round=4, cross_validation=True, predict=True, fit_kwargs={}, groups=None, refit=False, verbose=False, system=False, metrics=None, display=<pycaret.internal.Display.Display object at 0x000001639FEC2088>, kwargs={})
2022-02-01 07:12:20,278:INFO:Checking exceptions
2022-02-01 07:12:20,279:INFO:Importing libraries
2022-02-01 07:12:20,279:INFO:Copying training dataset
2022-02-01 07:12:20,280:INFO:Defining folds
2022-02-01 07:12:20,280:INFO:Declaring metric variables
2022-02-01 07:12:20,290:INFO:Importing untrained model
2022-02-01 07:12:20,302:INFO:Decision Tree Regressor Imported succesfully
2022-02-01 07:12:20,359:INFO:Starting cross validation
2022-02-01 07:12:20,361:INFO:Cross validating with KFold(n_splits=10, random_state=None, shuffle=False), n_jobs=-1
2022-02-01 07:12:20,500:INFO:Calculating mean and std
2022-02-01 07:12:20,501:INFO:Creating metrics dataframe
2022-02-01 07:12:20,505:INFO:Uploading results into container
2022-02-01 07:12:20,505:INFO:Uploading model into container now
2022-02-01 07:12:20,505:INFO:create_model_container: 12
2022-02-01 07:12:20,505:INFO:master_model_container: 12
2022-02-01 07:12:20,505:INFO:display_container: 2
2022-02-01 07:12:20,506:INFO:DecisionTreeRegressor(ccp_alpha=0.0, criterion='mse', max_depth=None,
                      max_features=None, max_leaf_nodes=None,
                      min_impurity_decrease=0.0, min_impurity_split=None,
                      min_samples_leaf=1, min_samples_split=2,
                      min_weight_fraction_leaf=0.0, presort='deprecated',
                      random_state=8231, splitter='best')
2022-02-01 07:12:20,506:INFO:create_model() succesfully completed......................................
2022-02-01 07:12:20,568:INFO:SubProcess create_model() end ==================================
2022-02-01 07:12:20,568:INFO:Creating metrics dataframe
2022-02-01 07:12:20,597:INFO:Initializing Random Forest Regressor
2022-02-01 07:12:20,598:INFO:Total runtime is 0.18805425961812341 minutes
2022-02-01 07:12:20,610:INFO:SubProcess create_model() called ==================================
2022-02-01 07:12:20,611:INFO:Initializing create_model()
2022-02-01 07:12:20,611:INFO:create_model(estimator=rf, fold=KFold(n_splits=10, random_state=None, shuffle=False), round=4, cross_validation=True, predict=True, fit_kwargs={}, groups=None, refit=False, verbose=False, system=False, metrics=None, display=<pycaret.internal.Display.Display object at 0x000001639FEC2088>, kwargs={})
2022-02-01 07:12:20,611:INFO:Checking exceptions
2022-02-01 07:12:20,611:INFO:Importing libraries
2022-02-01 07:12:20,611:INFO:Copying training dataset
2022-02-01 07:12:20,613:INFO:Defining folds
2022-02-01 07:12:20,613:INFO:Declaring metric variables
2022-02-01 07:12:20,626:INFO:Importing untrained model
2022-02-01 07:12:20,642:INFO:Random Forest Regressor Imported succesfully
2022-02-01 07:12:20,679:INFO:Starting cross validation
2022-02-01 07:12:20,681:INFO:Cross validating with KFold(n_splits=10, random_state=None, shuffle=False), n_jobs=-1
2022-02-01 07:12:22,606:INFO:Calculating mean and std
2022-02-01 07:12:22,607:INFO:Creating metrics dataframe
2022-02-01 07:12:22,613:INFO:Uploading results into container
2022-02-01 07:12:22,613:INFO:Uploading model into container now
2022-02-01 07:12:22,613:INFO:create_model_container: 13
2022-02-01 07:12:22,613:INFO:master_model_container: 13
2022-02-01 07:12:22,613:INFO:display_container: 2
2022-02-01 07:12:22,614:INFO:RandomForestRegressor(bootstrap=True, ccp_alpha=0.0, criterion='mse',
                      max_depth=None, max_features='auto', max_leaf_nodes=None,
                      max_samples=None, min_impurity_decrease=0.0,
                      min_impurity_split=None, min_samples_leaf=1,
                      min_samples_split=2, min_weight_fraction_leaf=0.0,
                      n_estimators=100, n_jobs=-1, oob_score=False,
                      random_state=8231, verbose=0, warm_start=False)
2022-02-01 07:12:22,614:INFO:create_model() succesfully completed......................................
2022-02-01 07:12:22,681:INFO:SubProcess create_model() end ==================================
2022-02-01 07:12:22,681:INFO:Creating metrics dataframe
2022-02-01 07:12:22,701:INFO:Initializing Extra Trees Regressor
2022-02-01 07:12:22,701:INFO:Total runtime is 0.22310381333033247 minutes
2022-02-01 07:12:22,710:INFO:SubProcess create_model() called ==================================
2022-02-01 07:12:22,711:INFO:Initializing create_model()
2022-02-01 07:12:22,711:INFO:create_model(estimator=et, fold=KFold(n_splits=10, random_state=None, shuffle=False), round=4, cross_validation=True, predict=True, fit_kwargs={}, groups=None, refit=False, verbose=False, system=False, metrics=None, display=<pycaret.internal.Display.Display object at 0x000001639FEC2088>, kwargs={})
2022-02-01 07:12:22,711:INFO:Checking exceptions
2022-02-01 07:12:22,711:INFO:Importing libraries
2022-02-01 07:12:22,711:INFO:Copying training dataset
2022-02-01 07:12:22,713:INFO:Defining folds
2022-02-01 07:12:22,713:INFO:Declaring metric variables
2022-02-01 07:12:22,722:INFO:Importing untrained model
2022-02-01 07:12:22,733:INFO:Extra Trees Regressor Imported succesfully
2022-02-01 07:12:22,758:INFO:Starting cross validation
2022-02-01 07:12:22,758:INFO:Cross validating with KFold(n_splits=10, random_state=None, shuffle=False), n_jobs=-1
2022-02-01 07:12:24,645:INFO:Calculating mean and std
2022-02-01 07:12:24,646:INFO:Creating metrics dataframe
2022-02-01 07:12:24,651:INFO:Uploading results into container
2022-02-01 07:12:24,651:INFO:Uploading model into container now
2022-02-01 07:12:24,651:INFO:create_model_container: 14
2022-02-01 07:12:24,651:INFO:master_model_container: 14
2022-02-01 07:12:24,651:INFO:display_container: 2
2022-02-01 07:12:24,651:INFO:ExtraTreesRegressor(bootstrap=False, ccp_alpha=0.0, criterion='mse',
                    max_depth=None, max_features='auto', max_leaf_nodes=None,
                    max_samples=None, min_impurity_decrease=0.0,
                    min_impurity_split=None, min_samples_leaf=1,
                    min_samples_split=2, min_weight_fraction_leaf=0.0,
                    n_estimators=100, n_jobs=-1, oob_score=False,
                    random_state=8231, verbose=0, warm_start=False)
2022-02-01 07:12:24,652:INFO:create_model() succesfully completed......................................
2022-02-01 07:12:24,706:INFO:SubProcess create_model() end ==================================
2022-02-01 07:12:24,707:INFO:Creating metrics dataframe
2022-02-01 07:12:24,730:INFO:Initializing AdaBoost Regressor
2022-02-01 07:12:24,730:INFO:Total runtime is 0.2569360971450806 minutes
2022-02-01 07:12:24,740:INFO:SubProcess create_model() called ==================================
2022-02-01 07:12:24,740:INFO:Initializing create_model()
2022-02-01 07:12:24,740:INFO:create_model(estimator=ada, fold=KFold(n_splits=10, random_state=None, shuffle=False), round=4, cross_validation=True, predict=True, fit_kwargs={}, groups=None, refit=False, verbose=False, system=False, metrics=None, display=<pycaret.internal.Display.Display object at 0x000001639FEC2088>, kwargs={})
2022-02-01 07:12:24,741:INFO:Checking exceptions
2022-02-01 07:12:24,741:INFO:Importing libraries
2022-02-01 07:12:24,741:INFO:Copying training dataset
2022-02-01 07:12:24,742:INFO:Defining folds
2022-02-01 07:12:24,742:INFO:Declaring metric variables
2022-02-01 07:12:24,751:INFO:Importing untrained model
2022-02-01 07:12:24,760:INFO:AdaBoost Regressor Imported succesfully
2022-02-01 07:12:24,788:INFO:Starting cross validation
2022-02-01 07:12:24,789:INFO:Cross validating with KFold(n_splits=10, random_state=None, shuffle=False), n_jobs=-1
2022-02-01 07:12:24,971:INFO:Calculating mean and std
2022-02-01 07:12:24,971:INFO:Creating metrics dataframe
2022-02-01 07:12:24,975:INFO:Uploading results into container
2022-02-01 07:12:24,976:INFO:Uploading model into container now
2022-02-01 07:12:24,977:INFO:create_model_container: 15
2022-02-01 07:12:24,978:INFO:master_model_container: 15
2022-02-01 07:12:24,978:INFO:display_container: 2
2022-02-01 07:12:24,979:INFO:AdaBoostRegressor(base_estimator=None, learning_rate=1.0, loss='linear',
                  n_estimators=50, random_state=8231)
2022-02-01 07:12:24,979:INFO:create_model() succesfully completed......................................
2022-02-01 07:12:25,065:INFO:SubProcess create_model() end ==================================
2022-02-01 07:12:25,066:INFO:Creating metrics dataframe
2022-02-01 07:12:25,088:INFO:Initializing Gradient Boosting Regressor
2022-02-01 07:12:25,088:INFO:Total runtime is 0.26289681990941366 minutes
2022-02-01 07:12:25,101:INFO:SubProcess create_model() called ==================================
2022-02-01 07:12:25,101:INFO:Initializing create_model()
2022-02-01 07:12:25,101:INFO:create_model(estimator=gbr, fold=KFold(n_splits=10, random_state=None, shuffle=False), round=4, cross_validation=True, predict=True, fit_kwargs={}, groups=None, refit=False, verbose=False, system=False, metrics=None, display=<pycaret.internal.Display.Display object at 0x000001639FEC2088>, kwargs={})
2022-02-01 07:12:25,101:INFO:Checking exceptions
2022-02-01 07:12:25,101:INFO:Importing libraries
2022-02-01 07:12:25,101:INFO:Copying training dataset
2022-02-01 07:12:25,102:INFO:Defining folds
2022-02-01 07:12:25,103:INFO:Declaring metric variables
2022-02-01 07:12:25,113:INFO:Importing untrained model
2022-02-01 07:12:25,129:INFO:Gradient Boosting Regressor Imported succesfully
2022-02-01 07:12:25,158:INFO:Starting cross validation
2022-02-01 07:12:25,159:INFO:Cross validating with KFold(n_splits=10, random_state=None, shuffle=False), n_jobs=-1
2022-02-01 07:12:25,444:INFO:Calculating mean and std
2022-02-01 07:12:25,445:INFO:Creating metrics dataframe
2022-02-01 07:12:25,449:INFO:Uploading results into container
2022-02-01 07:12:25,449:INFO:Uploading model into container now
2022-02-01 07:12:25,449:INFO:create_model_container: 16
2022-02-01 07:12:25,449:INFO:master_model_container: 16
2022-02-01 07:12:25,449:INFO:display_container: 2
2022-02-01 07:12:25,449:INFO:GradientBoostingRegressor(alpha=0.9, ccp_alpha=0.0, criterion='friedman_mse',
                          init=None, learning_rate=0.1, loss='ls', max_depth=3,
                          max_features=None, max_leaf_nodes=None,
                          min_impurity_decrease=0.0, min_impurity_split=None,
                          min_samples_leaf=1, min_samples_split=2,
                          min_weight_fraction_leaf=0.0, n_estimators=100,
                          n_iter_no_change=None, presort='deprecated',
                          random_state=8231, subsample=1.0, tol=0.0001,
                          validation_fraction=0.1, verbose=0, warm_start=False)
2022-02-01 07:12:25,449:INFO:create_model() succesfully completed......................................
2022-02-01 07:12:25,507:INFO:SubProcess create_model() end ==================================
2022-02-01 07:12:25,507:INFO:Creating metrics dataframe
2022-02-01 07:12:25,527:INFO:Initializing Extreme Gradient Boosting
2022-02-01 07:12:25,527:INFO:Total runtime is 0.270206880569458 minutes
2022-02-01 07:12:25,537:INFO:SubProcess create_model() called ==================================
2022-02-01 07:12:25,538:INFO:Initializing create_model()
2022-02-01 07:12:25,538:INFO:create_model(estimator=xgboost, fold=KFold(n_splits=10, random_state=None, shuffle=False), round=4, cross_validation=True, predict=True, fit_kwargs={}, groups=None, refit=False, verbose=False, system=False, metrics=None, display=<pycaret.internal.Display.Display object at 0x000001639FEC2088>, kwargs={})
2022-02-01 07:12:25,538:INFO:Checking exceptions
2022-02-01 07:12:25,538:INFO:Importing libraries
2022-02-01 07:12:25,538:INFO:Copying training dataset
2022-02-01 07:12:25,539:INFO:Defining folds
2022-02-01 07:12:25,539:INFO:Declaring metric variables
2022-02-01 07:12:25,546:INFO:Importing untrained model
2022-02-01 07:12:25,555:INFO:Extreme Gradient Boosting Imported succesfully
2022-02-01 07:12:25,582:INFO:Starting cross validation
2022-02-01 07:12:25,584:INFO:Cross validating with KFold(n_splits=10, random_state=None, shuffle=False), n_jobs=-1
2022-02-01 07:12:29,230:INFO:Calculating mean and std
2022-02-01 07:12:29,231:INFO:Creating metrics dataframe
2022-02-01 07:12:29,235:INFO:Uploading results into container
2022-02-01 07:12:29,235:INFO:Uploading model into container now
2022-02-01 07:12:29,235:INFO:create_model_container: 17
2022-02-01 07:12:29,235:INFO:master_model_container: 17
2022-02-01 07:12:29,236:INFO:display_container: 2
2022-02-01 07:12:29,237:INFO:XGBRegressor(base_score=None, booster='gbtree', colsample_bylevel=None,
             colsample_bynode=None, colsample_bytree=None, gamma=None,
             gpu_id=None, importance_type='gain', interaction_constraints=None,
             learning_rate=None, max_delta_step=None, max_depth=None,
             min_child_weight=None, missing=nan, monotone_constraints=None,
             n_estimators=100, n_jobs=-1, num_parallel_tree=None,
             objective='reg:squarederror', random_state=8231, reg_alpha=None,
             reg_lambda=None, scale_pos_weight=None, subsample=None,
             tree_method='auto', validate_parameters=None, verbosity=0)
2022-02-01 07:12:29,237:INFO:create_model() succesfully completed......................................
2022-02-01 07:12:29,302:INFO:SubProcess create_model() end ==================================
2022-02-01 07:12:29,302:INFO:Creating metrics dataframe
2022-02-01 07:12:29,327:INFO:Initializing Light Gradient Boosting Machine
2022-02-01 07:12:29,327:INFO:Total runtime is 0.33353773355484007 minutes
2022-02-01 07:12:29,337:INFO:SubProcess create_model() called ==================================
2022-02-01 07:12:29,337:INFO:Initializing create_model()
2022-02-01 07:12:29,337:INFO:create_model(estimator=lightgbm, fold=KFold(n_splits=10, random_state=None, shuffle=False), round=4, cross_validation=True, predict=True, fit_kwargs={}, groups=None, refit=False, verbose=False, system=False, metrics=None, display=<pycaret.internal.Display.Display object at 0x000001639FEC2088>, kwargs={})
2022-02-01 07:12:29,337:INFO:Checking exceptions
2022-02-01 07:12:29,338:INFO:Importing libraries
2022-02-01 07:12:29,338:INFO:Copying training dataset
2022-02-01 07:12:29,339:INFO:Defining folds
2022-02-01 07:12:29,339:INFO:Declaring metric variables
2022-02-01 07:12:29,349:INFO:Importing untrained model
2022-02-01 07:12:29,358:INFO:Light Gradient Boosting Machine Imported succesfully
2022-02-01 07:12:29,385:INFO:Starting cross validation
2022-02-01 07:12:29,386:INFO:Cross validating with KFold(n_splits=10, random_state=None, shuffle=False), n_jobs=-1
2022-02-01 07:12:29,707:INFO:Calculating mean and std
2022-02-01 07:12:29,708:INFO:Creating metrics dataframe
2022-02-01 07:12:29,712:INFO:Uploading results into container
2022-02-01 07:12:29,712:INFO:Uploading model into container now
2022-02-01 07:12:29,712:INFO:create_model_container: 18
2022-02-01 07:12:29,712:INFO:master_model_container: 18
2022-02-01 07:12:29,712:INFO:display_container: 2
2022-02-01 07:12:29,713:INFO:LGBMRegressor(boosting_type='gbdt', class_weight=None, colsample_bytree=1.0,
              importance_type='split', learning_rate=0.1, max_depth=-1,
              min_child_samples=20, min_child_weight=0.001, min_split_gain=0.0,
              n_estimators=100, n_jobs=-1, num_leaves=31, objective=None,
              random_state=8231, reg_alpha=0.0, reg_lambda=0.0, silent=True,
              subsample=1.0, subsample_for_bin=200000, subsample_freq=0)
2022-02-01 07:12:29,713:INFO:create_model() succesfully completed......................................
2022-02-01 07:12:29,768:INFO:SubProcess create_model() end ==================================
2022-02-01 07:12:29,768:INFO:Creating metrics dataframe
2022-02-01 07:12:29,818:INFO:Initializing create_model()
2022-02-01 07:12:29,818:INFO:create_model(estimator=GradientBoostingRegressor(alpha=0.9, ccp_alpha=0.0, criterion='friedman_mse',
                          init=None, learning_rate=0.1, loss='ls', max_depth=3,
                          max_features=None, max_leaf_nodes=None,
                          min_impurity_decrease=0.0, min_impurity_split=None,
                          min_samples_leaf=1, min_samples_split=2,
                          min_weight_fraction_leaf=0.0, n_estimators=100,
                          n_iter_no_change=None, presort='deprecated',
                          random_state=8231, subsample=1.0, tol=0.0001,
                          validation_fraction=0.1, verbose=0, warm_start=False), fold=KFold(n_splits=10, random_state=None, shuffle=False), round=4, cross_validation=False, predict=False, fit_kwargs={}, groups=None, refit=True, verbose=False, system=False, metrics=None, display=None, kwargs={})
2022-02-01 07:12:29,818:INFO:Checking exceptions
2022-02-01 07:12:29,818:INFO:Importing libraries
2022-02-01 07:12:29,818:INFO:Copying training dataset
2022-02-01 07:12:29,819:INFO:Defining folds
2022-02-01 07:12:29,819:INFO:Declaring metric variables
2022-02-01 07:12:29,819:INFO:Importing untrained model
2022-02-01 07:12:29,819:INFO:Declaring custom model
2022-02-01 07:12:29,819:INFO:Gradient Boosting Regressor Imported succesfully
2022-02-01 07:12:29,820:INFO:Cross validation set to False
2022-02-01 07:12:29,820:INFO:Fitting Model
2022-02-01 07:12:29,921:INFO:GradientBoostingRegressor(alpha=0.9, ccp_alpha=0.0, criterion='friedman_mse',
                          init=None, learning_rate=0.1, loss='ls', max_depth=3,
                          max_features=None, max_leaf_nodes=None,
                          min_impurity_decrease=0.0, min_impurity_split=None,
                          min_samples_leaf=1, min_samples_split=2,
                          min_weight_fraction_leaf=0.0, n_estimators=100,
                          n_iter_no_change=None, presort='deprecated',
                          random_state=8231, subsample=1.0, tol=0.0001,
                          validation_fraction=0.1, verbose=0, warm_start=False)
2022-02-01 07:12:29,921:INFO:create_models() succesfully completed......................................
2022-02-01 07:12:30,041:INFO:create_model_container: 18
2022-02-01 07:12:30,041:INFO:master_model_container: 18
2022-02-01 07:12:30,041:INFO:display_container: 2
2022-02-01 07:12:30,042:INFO:GradientBoostingRegressor(alpha=0.9, ccp_alpha=0.0, criterion='friedman_mse',
                          init=None, learning_rate=0.1, loss='ls', max_depth=3,
                          max_features=None, max_leaf_nodes=None,
                          min_impurity_decrease=0.0, min_impurity_split=None,
                          min_samples_leaf=1, min_samples_split=2,
                          min_weight_fraction_leaf=0.0, n_estimators=100,
                          n_iter_no_change=None, presort='deprecated',
                          random_state=8231, subsample=1.0, tol=0.0001,
                          validation_fraction=0.1, verbose=0, warm_start=False)
2022-02-01 07:12:30,042:INFO:compare_models() succesfully completed......................................
